<?xml version="1.0" encoding="UTF-8"?>
<!-- Generated by org.testng.reporters.JUnitXMLReporter -->
<testsuite ignored="1" hostname="DESKTOP-8TL1BE2" failures="0" tests="1" name="Error Validation test" time="3.197" errors="0" timestamp="2024-06-03T11:13:29 BDT">
  <testcase classname="seleniumTests.ErrroValidations" name="loginErrorValidation" time="0.613"/>
  <testcase classname="seleniumTests.ErrroValidations" name="productErrorValidation" time="0.0">
    <ignored/>
  </testcase> <!-- productErrorValidation -->
</testsuite> <!-- Error Validation test -->
